<?xml version="1.0" encoding="UTF-8" standalone="no"?><testsuite errors="1" failures="0" name="Eliminar un usuario exitosamente" skipped="0" tests="1" time="0.77" timestamp="2024-04-09 09:46:49"><testcase name=""><error type="java.lang.NullPointerException"/><system-err>null&#13;
com.google.common.base.Preconditions.checkNotNull(Preconditions.java:889)&#13;
co.com.uniquindio.edu.pruebas.stepdefinitions.EliminarUsuario.existeUsuario(EliminarUsuario.java:39)&#13;
✽.que existe un usuario con ID 10(file:///C:/Users/lauso/Pruebas/src/test/resources/features/eliminarUsuario.feature:5)&#13;
</system-err></testcase></testsuite>